C:\ACADEMIC YEAR 2013 - 2014\C++TUT\MAR14\TUTORIAL_Q6\TUTORIAL_Q6\DEBUG\TUTORIAL_Q6.PCH
C:\ACADEMIC YEAR 2013 - 2014\C++TUT\MAR14\TUTORIAL_Q6\TUTORIAL_Q6\DEBUG\STDAFX.OBJ
C:\ACADEMIC YEAR 2013 - 2014\C++TUT\MAR14\TUTORIAL_Q6\TUTORIAL_Q6\DEBUG\VC110.PDB
C:\ACADEMIC YEAR 2013 - 2014\C++TUT\MAR14\TUTORIAL_Q6\TUTORIAL_Q6\DEBUG\TUTORIAL_Q6.OBJ
C:\ACADEMIC YEAR 2013 - 2014\C++TUT\MAR14\TUTORIAL_Q6\DEBUG\TUTORIAL_Q6.ILK
C:\ACADEMIC YEAR 2013 - 2014\C++TUT\MAR14\TUTORIAL_Q6\DEBUG\TUTORIAL_Q6.EXE
C:\ACADEMIC YEAR 2013 - 2014\C++TUT\MAR14\TUTORIAL_Q6\DEBUG\TUTORIAL_Q6.PDB
C:\Academic Year 2013 - 2014\C++Tut\Mar14\Tutorial_Q6\Tutorial_Q6\Debug\stdafx.obj
C:\Academic Year 2013 - 2014\C++Tut\Mar14\Tutorial_Q6\Tutorial_Q6\Debug\Tutorial_Q6.obj
C:\Academic Year 2013 - 2014\C++Tut\Mar14\Tutorial_Q6\Tutorial_Q6\Debug\cl.command.1.tlog
C:\Academic Year 2013 - 2014\C++Tut\Mar14\Tutorial_Q6\Tutorial_Q6\Debug\CL.read.1.tlog
C:\Academic Year 2013 - 2014\C++Tut\Mar14\Tutorial_Q6\Tutorial_Q6\Debug\CL.write.1.tlog
C:\Academic Year 2013 - 2014\C++Tut\Mar14\Tutorial_Q6\Tutorial_Q6\Debug\link-cvtres.read.1.tlog
C:\Academic Year 2013 - 2014\C++Tut\Mar14\Tutorial_Q6\Tutorial_Q6\Debug\link-cvtres.write.1.tlog
C:\Academic Year 2013 - 2014\C++Tut\Mar14\Tutorial_Q6\Tutorial_Q6\Debug\link-rc.read.1.tlog
C:\Academic Year 2013 - 2014\C++Tut\Mar14\Tutorial_Q6\Tutorial_Q6\Debug\link-rc.write.1.tlog
C:\Academic Year 2013 - 2014\C++Tut\Mar14\Tutorial_Q6\Tutorial_Q6\Debug\link.command.1.tlog
C:\Academic Year 2013 - 2014\C++Tut\Mar14\Tutorial_Q6\Tutorial_Q6\Debug\link.read.1.tlog
C:\Academic Year 2013 - 2014\C++Tut\Mar14\Tutorial_Q6\Tutorial_Q6\Debug\link.write.1.tlog
C:\Academic Year 2013 - 2014\C++Tut\Mar14\Tutorial_Q6\Tutorial_Q6\Debug\Tutorial_Q6.pch
C:\Academic Year 2013 - 2014\C++Tut\Mar14\Tutorial_Q6\Tutorial_Q6\Debug\vc110.idb
C:\Academic Year 2013 - 2014\C++Tut\Mar14\Tutorial_Q6\Tutorial_Q6\Debug\vc110.pdb
C:\Academic Year 2013 - 2014\C++Tut\Mar14\Tutorial_Q6\Debug\Tutorial_Q6.pdb
C:\Academic Year 2013 - 2014\C++Tut\Mar14\Tutorial_Q6\Debug\Tutorial_Q6.exe
C:\Academic Year 2013 - 2014\C++Tut\Mar14\Tutorial_Q6\Debug\Tutorial_Q6.ilk
