Build started 08/03/2014 00:07:58.
     1>Project "C:\Users\Tom\Desktop\Tutorial_Q4\Tutorial_Q4\Tutorial_Q4.vcxproj" on node 2 (build target(s)).
     1>InitializeBuildStatus:
         Creating "Debug\Tutorial_Q4.unsuccessfulbuild" because "AlwaysCreate" was specified.
       ClCompile:
         All outputs are up-to-date.
         c:\Program Files (x86)\Microsoft Visual Studio 10.0\VC\bin\CL.exe /c /ZI /nologo /W3 /WX- /Od /Oy- /D WIN32 /D _DEBUG /D _CONSOLE /D _UNICODE /D UNICODE /Gm /EHsc /RTC1 /MDd /GS /fp:precise /Zc:wchar_t /Zc:forScope /Yu"StdAfx.h" /Fp"Debug\Tutorial_Q4.pch" /Fo"Debug\\" /Fd"Debug\vc100.pdb" /Gd /TP /analyze- /errorReport:prompt Tutorial_Q4.cpp
         Tutorial_Q4.cpp
       ManifestResourceCompile:
         All outputs are up-to-date.
       Link:
         c:\Program Files (x86)\Microsoft Visual Studio 10.0\VC\bin\link.exe /ERRORREPORT:PROMPT /OUT:"C:\Users\Tom\Desktop\Tutorial_Q4\Debug\Tutorial_Q4.exe" /INCREMENTAL /NOLOGO kernel32.lib user32.lib gdi32.lib winspool.lib comdlg32.lib advapi32.lib shell32.lib ole32.lib oleaut32.lib uuid.lib odbc32.lib odbccp32.lib /MANIFEST /ManifestFile:"Debug\Tutorial_Q4.exe.intermediate.manifest" /MANIFESTUAC:"level='asInvoker' uiAccess='false'" /DEBUG /PDB:"C:\Users\Tom\Desktop\Tutorial_Q4\Debug\Tutorial_Q4.pdb" /SUBSYSTEM:CONSOLE /TLBID:1 /DYNAMICBASE /NXCOMPAT /IMPLIB:"C:\Users\Tom\Desktop\Tutorial_Q4\Debug\Tutorial_Q4.lib" /MACHINE:X86 Debug\Tutorial_Q4.exe.embed.manifest.res
         Debug\stdafx.obj
         Debug\Tutorial_Q4.obj
       Manifest:
         C:\Program Files (x86)\Microsoft SDKs\Windows\v7.0A\bin\mt.exe /nologo /verbose /out:"Debug\Tutorial_Q4.exe.embed.manifest" /manifest Debug\Tutorial_Q4.exe.intermediate.manifest
         All outputs are up-to-date.
       LinkEmbedManifest:
         All outputs are up-to-date.
         Tutorial_Q4.vcxproj -> C:\Users\Tom\Desktop\Tutorial_Q4\Debug\Tutorial_Q4.exe
       FinalizeBuildStatus:
         Deleting file "Debug\Tutorial_Q4.unsuccessfulbuild".
         Touching "Debug\Tutorial_Q4.lastbuildstate".
     1>Done Building Project "C:\Users\Tom\Desktop\Tutorial_Q4\Tutorial_Q4\Tutorial_Q4.vcxproj" (build target(s)).

Build succeeded.

Time Elapsed 00:00:00.69
