18/11/2016 16:50:09 [INFO] Starting Up  
18/11/2016 16:57:53 [INFO] Starting Up  
18/11/2016 16:59:44 [INFO] Starting Up  
18/11/2016 17:00:26 [INFO] Starting Up  
18/11/2016 17:00:40 [INFO] Starting Up  
18/11/2016 17:04:06 [INFO] Starting Up  
18/11/2016 17:04:40 [INFO] Starting Up  
18/11/2016 17:24:54 [INFO] Starting Up  
18/11/2016 17:53:56 [INFO] Starting Up  
18/11/2016 18:16:10 [INFO] Starting Up  
18/11/2016 18:21:19 [INFO] Starting Up  
18/11/2016 18:40:26 [INFO] Starting Up  
18/11/2016 18:46:22 [INFO] Starting Up  
18/11/2016 18:57:31 [INFO] Starting Up  
18/11/2016 18:58:00 [INFO] Starting Up  
18/11/2016 18:58:25 [INFO] Starting Up  
18/11/2016 18:59:18 [INFO] Starting Up  
18/11/2016 18:59:56 [INFO] Starting Up  
18/11/2016 19:00:21 [INFO] Starting Up  
18/11/2016 19:07:02 [INFO] Starting Up  
18/11/2016 19:10:03 [INFO] Starting Up  
18/11/2016 19:10:44 [INFO] Starting Up  
18/11/2016 19:11:11 [INFO] Starting Up  
18/11/2016 19:17:19 [INFO] Starting Up  
18/11/2016 19:17:33 [INFO] Starting Up  
18/11/2016 19:18:49 [INFO] Starting Up  
18/11/2016 19:20:19 [INFO] Starting Up  
18/11/2016 19:22:14 [INFO] Starting Up  
18/11/2016 19:24:28 [INFO] Starting Up  
18/11/2016 19:52:48 [INFO] Starting Up  
18/11/2016 19:53:06 [INFO] Starting Up  
18/11/2016 19:53:43 [INFO] Starting Up  
18/11/2016 19:54:11 [INFO] Starting Up  
18/11/2016 19:54:49 [INFO] Starting Up  
18/11/2016 19:55:38 [INFO] Starting Up  
18/11/2016 19:57:02 [INFO] Starting Up  
18/11/2016 19:58:04 [INFO] Starting Up  
18/11/2016 19:59:06 [INFO] Starting Up  
18/11/2016 20:04:56 [INFO] Starting Up  
18/11/2016 20:06:01 [INFO] Starting Up  
18/11/2016 20:06:55 [INFO] Starting Up  
18/11/2016 20:08:29 [INFO] Starting Up  
19/11/2016 08:50:58 [INFO] Starting Up  
19/11/2016 08:59:16 [INFO] Starting Up  
19/11/2016 09:28:27 [INFO] Starting Up  
19/11/2016 09:29:09 [INFO] Starting Up  
19/11/2016 09:30:13 [INFO] Starting Up  
19/11/2016 09:30:47 [INFO] Starting Up  
19/11/2016 09:32:01 [INFO] Starting Up  
19/11/2016 09:35:50 [INFO] Starting Up  
19/11/2016 09:36:23 [INFO] Starting Up  
19/11/2016 09:43:10 [INFO] Starting Up  
19/11/2016 09:52:30 [INFO] Starting Up  
19/11/2016 09:55:44 [INFO] Starting Up  
19/11/2016 09:56:13 [INFO] Starting Up  
19/11/2016 09:57:31 [INFO] Starting Up  
19/11/2016 09:58:02 [INFO] Starting Up  
19/11/2016 09:58:21 [INFO] Starting Up  
19/11/2016 10:04:28 [INFO] Starting Up  
19/11/2016 10:06:52 [INFO] Starting Up  
19/11/2016 10:41:57 [INFO] Starting Up  
19/11/2016 10:42:09 [INFO] Starting Up  
19/11/2016 10:43:02 [INFO] Starting Up  
19/11/2016 10:48:32 [INFO] Starting Up  
19/11/2016 11:13:41 [INFO] Starting Up  
19/11/2016 11:14:05 [INFO] Starting Up  
19/11/2016 11:51:54 [INFO] Starting Up  
19/11/2016 15:07:00 [INFO] Starting Up  
19/11/2016 15:11:29 [INFO] Starting Up  
19/11/2016 15:13:30 [INFO] Starting Up  
19/11/2016 15:16:17 [INFO] Starting Up  
19/11/2016 15:30:50 [INFO] Starting Up  
19/11/2016 15:47:05 [INFO] Starting Up  
19/11/2016 15:47:42 [INFO] Starting Up  
19/11/2016 15:59:21 [INFO] Starting Up  
19/11/2016 16:01:08 [INFO] Starting Up  
19/11/2016 16:03:19 [INFO] Starting Up  
19/11/2016 16:26:16 [INFO] Starting Up  
19/11/2016 17:00:01 [INFO] Starting Up  
19/11/2016 17:00:35 [INFO] Starting Up  
19/11/2016 17:11:59 [INFO] Starting Up  
19/11/2016 17:13:03 [INFO] Starting Up  
19/11/2016 17:16:23 [INFO] Starting Up  
19/11/2016 17:18:43 [INFO] Starting Up  
19/11/2016 17:28:05 [INFO] Starting Up  
19/11/2016 17:28:37 [INFO] Starting Up  
19/11/2016 17:31:14 [INFO] Starting Up  
19/11/2016 17:32:09 [INFO] Starting Up  
19/11/2016 17:35:40 [INFO] Starting Up  
19/11/2016 17:37:47 [INFO] Starting Up  
19/11/2016 17:49:06 [INFO] Starting Up  
19/11/2016 17:49:59 [INFO] Starting Up  
19/11/2016 17:53:09 [INFO] Starting Up  
19/11/2016 17:54:08 [INFO] Starting Up  
19/11/2016 17:56:23 [INFO] Starting Up  
19/11/2016 18:03:27 [INFO] Starting Up  
19/11/2016 18:03:48 [INFO] Starting Up  
19/11/2016 18:04:39 [INFO] Starting Up  
19/11/2016 18:08:32 [INFO] Starting Up  
19/11/2016 18:09:37 [INFO] Starting Up  
19/11/2016 18:11:55 [INFO] Starting Up  
19/11/2016 18:15:06 [INFO] Starting Up  
19/11/2016 18:16:34 [INFO] Starting Up  
19/11/2016 18:17:40 [INFO] Starting Up  
19/11/2016 18:19:54 [INFO] Starting Up  
19/11/2016 18:22:52 [INFO] Starting Up  
19/11/2016 18:26:20 [INFO] Starting Up  
19/11/2016 18:29:03 [INFO] Starting Up  
19/11/2016 18:42:00 [INFO] Starting Up  
19/11/2016 18:42:36 [INFO] Starting Up  
25/11/2016 14:16:05 [INFO] Starting Up  
25/11/2016 15:14:32 [INFO] Starting Up  
25/11/2016 16:04:56 [INFO] Starting Up  
25/11/2016 16:08:49 [INFO] Starting Up  
25/11/2016 16:10:44 [INFO] Starting Up  
25/11/2016 16:13:33 [INFO] Starting Up  
25/11/2016 16:15:16 [INFO] Starting Up  
25/11/2016 16:17:17 [INFO] Starting Up  
25/11/2016 16:19:00 [INFO] Starting Up  
25/11/2016 16:26:20 [INFO] Starting Up  
25/11/2016 16:32:22 [INFO] Starting Up  
25/11/2016 16:33:52 [INFO] Starting Up  
25/11/2016 16:38:26 [INFO] Starting Up  
25/11/2016 16:43:02 [INFO] Starting Up  
25/11/2016 16:47:30 [INFO] Starting Up  
25/11/2016 16:50:25 [INFO] Starting Up  
25/11/2016 16:51:11 [INFO] Starting Up  
25/11/2016 16:53:38 [INFO] Starting Up  
25/11/2016 16:53:59 [INFO] Starting Up  
25/11/2016 16:56:21 [INFO] Starting Up  
25/11/2016 16:58:50 [INFO] Starting Up  
25/11/2016 17:00:55 [INFO] Starting Up  
25/11/2016 17:06:06 [INFO] Starting Up  
25/11/2016 17:32:49 [INFO] Starting Up  
25/11/2016 17:34:12 [INFO] Starting Up  
25/11/2016 17:36:48 [INFO] Starting Up  
25/11/2016 17:38:00 [INFO] Starting Up  
25/11/2016 17:38:33 [INFO] Starting Up  
25/11/2016 17:39:26 [INFO] Starting Up  
25/11/2016 17:42:39 [INFO] Starting Up  
25/11/2016 17:46:31 [INFO] Starting Up  
25/11/2016 17:46:31 [PASS] File 'client.json' opened successfully!
25/11/2016 17:46:31 [INFO] Connecting to localhost:62820
25/11/2016 17:46:33 [FAIL] Failed to Connect to localhost:62820! No connection could be made because the target machine actively refused it 127.0.0.1:62820
25/11/2016 17:46:58 [INFO] Starting Up  
25/11/2016 17:47:26 [INFO] Starting Up  
25/11/2016 17:49:09 [INFO] Starting Up  
25/11/2016 18:24:15 [INFO] Starting Up  
25/11/2016 18:26:43 [INFO] Starting Up  
25/11/2016 18:33:41 [INFO] Starting Up  
25/11/2016 18:34:56 [INFO] Starting Up  
25/11/2016 18:35:29 [INFO] Starting Up  
25/11/2016 18:36:44 [INFO] Starting Up  
25/11/2016 18:54:58 [INFO] Starting Up  
25/11/2016 18:57:07 [INFO] Starting Up  
25/11/2016 19:09:42 [INFO] Starting Up  
25/11/2016 19:09:42 [PASS] File 'client.json' opened successfully!
25/11/2016 19:09:42 [INFO] Connecting to localhost:62820
25/11/2016 19:09:43 [PASS] Connected to localhost:62820
25/11/2016 19:09:43 [WARN] Certificate is Self Signed
25/11/2016 19:09:43 [PASS] SSL Cipher: Aes256 strength 256
25/11/2016 19:09:43 [PASS] SSL Hash: Sha1 strength 160
25/11/2016 19:09:43 [PASS] SSL Key exchange: 44550 strength 256
25/11/2016 19:09:43 [PASS] SSL Protocol: Tls
25/11/2016 19:09:43 [PASS] SSL Is Authenticated? True
25/11/2016 19:09:43 [PASS] SSL Authenticated as Server? False
25/11/2016 19:09:43 [PASS] SSL Is Signed? True
25/11/2016 19:09:43 [PASS] SSL Is Encrypted? True
25/11/2016 19:09:43 [PASS] SSL Certificate Revocation List Checked? True
25/11/2016 19:09:43 [PASS] SSL Can Read? True
25/11/2016 19:09:43 [PASS] SSL Can Write? True
25/11/2016 19:09:43 [PASS] SSL Can Timeout? True
25/11/2016 19:09:43 [PASS] Local Certificate Authority CN=CA
25/11/2016 19:09:43 [PASS] Local Certificate is valid from 05/11/2016 03:28:37
25/11/2016 19:09:43 [PASS] Local Certificate is valid until 31/12/2039 23:59:59
25/11/2016 19:09:43 [PASS] Remote Certificate Authority CN=CA
25/11/2016 19:09:43 [PASS] Remote Certificate is valid from 05/11/2016 03:27:56
25/11/2016 19:09:43 [PASS] Remote Certificate is valid until 31/12/2039 23:59:59
25/11/2016 19:09:43 [RECV] 127.0.0.1
25/11/2016 19:09:43 [RECV] 2708
25/11/2016 19:09:53 [SEND] Login:{"Cipher":"e436593ebe33b52f4ba3f658f65ff1850d4cd84f7bf571a0c7e01d69f31a84fb", "UserName":"Mike"}
25/11/2016 19:09:57 [RECV] [{"UserName":"Mike","Cipher":"e436593ebe33b52f4ba3f658f65ff1850d4cd84f7bf571a0c7e01d69f31a84fb"}]
25/11/2016 19:10:24 [SEND] AddUser:{"UserName":"Test", "OrganizationID":"PPB", "Position":"Admin", "Email":"test@ppb.ie", "DateAdded":"2016-11-25"}
25/11/2016 19:10:24 [RECV] {"Error":"Bad Request"}
25/11/2016 19:10:39 [SEND] AddUser:{"UserName":"Admin", "OrganizationID":"PPB", "Position":"Admin", "Email":"admin@ppb.ie", "DateAdded":"2016-11-25"}
25/11/2016 19:10:39 [RECV] []
25/11/2016 19:12:04 [SEND] <EOF>
25/11/2016 19:12:04 [PASS] Disconnected from Host succeeded.
25/11/2016 19:12:04 [PASS] File 'client.json' saved successfully!
25/11/2016 20:48:46 [INFO] Starting Up  
25/11/2016 20:54:00 [INFO] Starting Up  
25/11/2016 20:56:07 [INFO] Starting Up  
25/11/2016 20:57:45 [INFO] Starting Up  
25/11/2016 20:59:37 [INFO] Starting Up  
25/11/2016 21:01:44 [INFO] Starting Up  
