Build started 10/11/2015 15:22:10.
     1>Project "C:\Users\colin\Desktop\College\Programming\Assignment 3 - Employee\Assignment 3 - Employee\Assignment 3 - Employee.vcxproj" on node 2 (Build target(s)).
     1>ClCompile:
         C:\Program Files (x86)\Microsoft Visual Studio 14.0\VC\bin\CL.exe /c /ZI /nologo /W3 /WX- /sdl /Od /Oy- /D WIN32 /D _DEBUG /D _CONSOLE /D _UNICODE /D UNICODE /Gm /EHsc /RTC1 /MDd /GS /fp:precise /Zc:wchar_t /Zc:forScope /Zc:inline /Yu"stdafx.h" /Fp"Debug\Assignment 3 - Employee.pch" /Fo"Debug\\" /Fd"Debug\vc140.pdb" /Gd /TP /analyze- /errorReport:prompt "Assignment 3 - Employee.cpp" Person.cpp Salaried.cpp Waged.cpp
         Waged.cpp
         Salaried.cpp
         Generating Code...
         Skipping... (no relevant changes detected)
         Person.cpp
         Assignment 3 - Employee.cpp
       Link:
         C:\Program Files (x86)\Microsoft Visual Studio 14.0\VC\bin\link.exe /ERRORREPORT:PROMPT /OUT:"C:\Users\colin\Desktop\College\Programming\Assignment 3 - Employee\Debug\Assignment 3 - Employee.exe" /INCREMENTAL /NOLOGO kernel32.lib user32.lib gdi32.lib winspool.lib comdlg32.lib advapi32.lib shell32.lib ole32.lib oleaut32.lib uuid.lib odbc32.lib odbccp32.lib /MANIFEST /MANIFESTUAC:"level='asInvoker' uiAccess='false'" /manifest:embed /Debug /PDB:"C:\Users\colin\Desktop\College\Programming\Assignment 3 - Employee\Debug\Assignment 3 - Employee.pdb" /SUBSYSTEM:CONSOLE /TLBID:1 /DYNAMICBASE /NXCOMPAT /IMPLIB:"C:\Users\colin\Desktop\College\Programming\Assignment 3 - Employee\Debug\Assignment 3 - Employee.lib" /MACHINE:X86 "Debug\Assignment 3 - Employee.obj"
         Debug\Person.obj
         Debug\Salaried.obj
         Debug\stdafx.obj
         Debug\Waged.obj
         Assignment 3 - Employee.vcxproj -> C:\Users\colin\Desktop\College\Programming\Assignment 3 - Employee\Debug\Assignment 3 - Employee.exe
     1>Done Building Project "C:\Users\colin\Desktop\College\Programming\Assignment 3 - Employee\Assignment 3 - Employee\Assignment 3 - Employee.vcxproj" (Build target(s)).

Build succeeded.

Time Elapsed 00:00:00.76
